C:\DROPBOX\PROJET C++\DEBUG\PACMAC.EXE
C:\DROPBOX\PROJET C++\DEBUG\PACMAC.ILK
C:\DROPBOX\PROJET C++\DEBUG\PACMAC.PDB
C:\DROPBOX\PROJET C++\PACMAC\DEBUG\BUTTON.OBJ
C:\Dropbox\Projet C++\PacMac\Debug\cl.command.1.tlog
C:\Dropbox\Projet C++\PacMac\Debug\CL.read.1.tlog
C:\Dropbox\Projet C++\PacMac\Debug\CL.write.1.tlog
C:\DROPBOX\PROJET C++\PACMAC\DEBUG\CONTROLLERBUTTON.OBJ
C:\DROPBOX\PROJET C++\PACMAC\DEBUG\CONTROLLERJEU.OBJ
C:\DROPBOX\PROJET C++\PACMAC\DEBUG\FANTOME.OBJ
C:\DROPBOX\PROJET C++\PACMAC\DEBUG\LABYRINTHE.OBJ
C:\Dropbox\Projet C++\PacMac\Debug\link.2228.read.1.tlog
C:\Dropbox\Projet C++\PacMac\Debug\link.2228.write.1.tlog
C:\Dropbox\Projet C++\PacMac\Debug\link.2228-cvtres.read.1.tlog
C:\Dropbox\Projet C++\PacMac\Debug\link.2228-cvtres.write.1.tlog
C:\Dropbox\Projet C++\PacMac\Debug\link.3144.read.1.tlog
C:\Dropbox\Projet C++\PacMac\Debug\link.3144.write.1.tlog
C:\Dropbox\Projet C++\PacMac\Debug\link.3144-cvtres.read.1.tlog
C:\Dropbox\Projet C++\PacMac\Debug\link.3144-cvtres.write.1.tlog
C:\Dropbox\Projet C++\PacMac\Debug\link.3692.read.1.tlog
C:\Dropbox\Projet C++\PacMac\Debug\link.3692.write.1.tlog
C:\Dropbox\Projet C++\PacMac\Debug\link.3692-cvtres.read.1.tlog
C:\Dropbox\Projet C++\PacMac\Debug\link.3692-cvtres.write.1.tlog
C:\Dropbox\Projet C++\PacMac\Debug\link.command.1.tlog
C:\Dropbox\Projet C++\PacMac\Debug\link.read.1.tlog
C:\Dropbox\Projet C++\PacMac\Debug\link.write.1.tlog
C:\Dropbox\Projet C++\PacMac\Debug\link-cvtres.read.1.tlog
C:\Dropbox\Projet C++\PacMac\Debug\link-cvtres.write.1.tlog
C:\DROPBOX\PROJET C++\PACMAC\DEBUG\MAIN.OBJ
C:\DROPBOX\PROJET C++\PACMAC\DEBUG\MAP.OBJ
C:\DROPBOX\PROJET C++\PACMAC\DEBUG\MODEL.OBJ
C:\Dropbox\Projet C++\PacMac\Debug\mt.command.1.tlog
C:\Dropbox\Projet C++\PacMac\Debug\mt.read.1.tlog
C:\Dropbox\Projet C++\PacMac\Debug\mt.write.1.tlog
C:\DROPBOX\PROJET C++\PACMAC\DEBUG\PACMAC.EXE.EMBED.MANIFEST
C:\DROPBOX\PROJET C++\PACMAC\DEBUG\PACMAC.EXE.EMBED.MANIFEST.RES
C:\DROPBOX\PROJET C++\PACMAC\DEBUG\PACMAC.EXE.INTERMEDIATE.MANIFEST
C:\Dropbox\Projet C++\PacMac\Debug\PacMac_manifest.rc
C:\DROPBOX\PROJET C++\PACMAC\DEBUG\PACMAN.OBJ
C:\Dropbox\Projet C++\PacMac\Debug\rc.command.1.tlog
C:\Dropbox\Projet C++\PacMac\Debug\rc.read.1.tlog
C:\Dropbox\Projet C++\PacMac\Debug\rc.write.1.tlog
C:\DROPBOX\PROJET C++\PACMAC\DEBUG\TEXTVIEW.OBJ
C:\Dropbox\Projet C++\PacMac\Debug\vc100.idb
C:\DROPBOX\PROJET C++\PACMAC\DEBUG\VC100.PDB
C:\DROPBOX\PROJET C++\PACMAC\DEBUG\VIEW.OBJ
C:\DROPBOX\PROJET C++\PACMAC\DEBUG\VIEWINFOS.OBJ
C:\DROPBOX\PROJET C++\PACMAC\DEBUG\VIEWJEU.OBJ
